<?xml version="1.0" encoding="UTF-8" ?>
<testsuite errors="1" failures="0" hostname="Attila-PC" name="com.qumla.service.test.LoginDaoTest" skipped="0" tests="0" time="0.096" timestamp="2015-08-14T22:04:10">
  <properties>
    <property name="java.vendor" value="Oracle Corporation" />
    <property name="sun.java.launcher" value="SUN_STANDARD" />
    <property name="eclipse.pdebuild.templates" value="/D:/munka/ide/spring-tool-suite-3.6.1.RELEASE-e4.4-win32-x86_64/sts-bundle/sts-3.6.1.RELEASE/plugins/org.eclipse.pde.build_3.9.0.v20140415-2029/templates/" />
    <property name="sun.management.compiler" value="HotSpot 64-Bit Tiered Compilers" />
    <property name="env.PROMPT" value="$P$G" />
    <property name="os.name" value="Windows 7" />
    <property name="env.FP_NO_HOST_CHECK" value="NO" />
    <property name="sun.boot.class.path" value="C:\Program Files\Java\jdk1.8.0_20\jre\lib\resources.jar;C:\Program Files\Java\jdk1.8.0_20\jre\lib\rt.jar;C:\Program Files\Java\jdk1.8.0_20\jre\lib\sunrsasign.jar;C:\Program Files\Java\jdk1.8.0_20\jre\lib\jsse.jar;C:\Program Files\Java\jdk1.8.0_20\jre\lib\jce.jar;C:\Program Files\Java\jdk1.8.0_20\jre\lib\charsets.jar;C:\Program Files\Java\jdk1.8.0_20\jre\lib\jfr.jar;C:\Program Files\Java\jdk1.8.0_20\jre\classes" />
    <property name="env.COMPUTERNAME" value="ATTILA-PC" />
    <property name="env.CommonProgramW6432" value="C:\Program Files\Common Files" />
    <property name="env.ALLUSERSPROFILE" value="C:\ProgramData" />
    <property name="sun.desktop" value="windows" />
    <property name="java.vm.specification.vendor" value="Oracle Corporation" />
    <property name="ant.home" value="D:\munka\ide\spring-tool-suite-3.6.1.RELEASE-e4.4-win32-x86_64\sts-bundle\sts-3.6.1.RELEASE\plugins\org.apache.ant_1.9.2.v201404171502" />
    <property name="java.runtime.version" value="1.8.0_20-b26" />
    <property name="env.HOMEPATH" value="\Users\Attila" />
    <property name="user.name" value="Attila" />
    <property name="user.language" value="hu" />
    <property name="sun.boot.library.path" value="C:\Program Files\Java\jdk1.8.0_20\jre\bin" />
    <property name="ant.project.default-target" value="build" />
    <property name="ant.project.name" value="qumla-web" />
    <property name="java.version" value="1.8.0_20" />
    <property name="env.PROCESSOR_IDENTIFIER" value="Intel64 Family 6 Model 60 Stepping 3, GenuineIntel" />
    <property name="user.timezone" value="Europe/Prague" />
    <property name="env.TEMP" value="C:\Users\Attila\AppData\Local\Temp" />
    <property name="sun.arch.data.model" value="64" />
    <property name="java.endorsed.dirs" value="C:\Program Files\Java\jdk1.8.0_20\jre\lib\endorsed" />
    <property name="sun.cpu.isalist" value="amd64" />
    <property name="env.HOMEDRIVE" value="C:" />
    <property name="sun.jnu.encoding" value="Cp1250" />
    <property name="file.encoding.pkg" value="sun.io" />
    <property name="ECLIPSE_HOME" value="../../../../../ide/spring-tool-suite-3.6.1.RELEASE-e4.4-win32-x86_64/sts-bundle/sts-3.6.1.RELEASE/" />
    <property name="file.separator" value="\" />
    <property name="java.specification.name" value="Java Platform API Specification" />
    <property name="java.class.version" value="52.0" />
    <property name="user.country" value="HU" />
    <property name="java.home" value="C:\Program Files\Java\jdk1.8.0_20\jre" />
    <property name="env.PSModulePath" value="C:\Windows\system32\WindowsPowerShell\v1.0\Modules\" />
    <property name="env.APPDATA" value="C:\Users\Attila\AppData\Roaming" />
    <property name="env.PUBLIC" value="C:\Users\Public" />
    <property name="java.vm.info" value="mixed mode" />
    <property name="env.ComSpec" value="C:\Windows\system32\cmd.exe" />
    <property name="env.OS" value="Windows_NT" />
    <property name="env.CommonProgramFiles" value="C:\Program Files\Common Files" />
    <property name="ant.file" value="D:\munka\src\xprt\qumla-server\srv\qumla-web\build.xml" />
    <property name="os.version" value="6.1" />
    <property name="env.ProgramW6432" value="C:\Program Files" />
    <property name="path.separator" value=";" />
    <property name="java.vm.version" value="25.20-b23" />
    <property name="user.variant" value="" />
    <property name="env.USERPROFILE" value="C:\Users\Attila" />
    <property name="ant.library.dir" value="D:\munka\ide\spring-tool-suite-3.6.1.RELEASE-e4.4-win32-x86_64\sts-bundle\sts-3.6.1.RELEASE\plugins\org.apache.ant_1.9.2.v201404171502\lib" />
    <property name="ant.file.qumla-web" value="D:\munka\src\xprt\qumla-server\srv\qumla-web\build.xml" />
    <property name="junit.output.dir" value="junit" />
    <property name="java.awt.printerjob" value="sun.awt.windows.WPrinterJob" />
    <property name="env.TMP" value="C:\Users\Attila\AppData\Local\Temp" />
    <property name="sun.io.unicode.encoding" value="UnicodeLittle" />
    <property name="awt.toolkit" value="sun.awt.windows.WToolkit" />
    <property name="user.script" value="" />
    <property name="eclipse.pdebuild.scripts" value="/D:/munka/ide/spring-tool-suite-3.6.1.RELEASE-e4.4-win32-x86_64/sts-bundle/sts-3.6.1.RELEASE/plugins/org.eclipse.pde.build_3.9.0.v20140415-2029/scripts/" />
    <property name="user.home" value="C:\Users\Attila" />
    <property name="target" value="1.7" />
    <property name="env.ProgramData" value="C:\ProgramData" />
    <property name="env.SESSIONNAME" value="Console" />
    <property name="env.ProgramFiles(x86)" value="C:\Program Files (x86)" />
    <property name="java.specification.vendor" value="Oracle Corporation" />
    <property name="env.NUMBER_OF_PROCESSORS" value="4" />
    <property name="java.library.path" value="C:\Program Files\Java\jdk1.8.0_20\jre\bin;C:\Windows\Sun\Java\bin;C:\Windows\system32;C:\Windows;C:\ProgramData\Oracle\Java\javapath;C:\Program Files (x86)\Intel\iCLS Client\;C:\Program Files\Intel\iCLS Client\;C:\Windows\system32;C:\Windows;C:\Windows\System32\Wbem;C:\Windows\System32\WindowsPowerShell\v1.0\;C:\Program Files\Intel\Intel(R) Management Engine Components\DAL;C:\Program Files\Intel\Intel(R) Management Engine Components\IPT;C:\Program Files (x86)\Intel\Intel(R) Management Engine Components\DAL;C:\Program Files (x86)\Intel\Intel(R) Management Engine Components\IPT;C:\Program Files\TortoiseSVN\bin;C:\Program Files (x86)\Git\cmd;C:\Program Files\Microsoft Network Monitor 3\;D:\munka\tool\nodejs\;D:\munka\tool\Ruby21-x64\bin;C:\Users\Attila\AppData\Roaming\npm;c:\Program Files (x86)\WinSCP\;." />
    <property name="java.vendor.url" value="http://java.oracle.com/" />
    <property name="java.vm.vendor" value="Oracle Corporation" />
    <property name="java.runtime.name" value="Java(TM) SE Runtime Environment" />
    <property name="java.class.path" value="D:\munka\src\xprt\qumla-server\srv\qumla-web\target\classes;D:\munka\src\xprt\qumla-server\srv\qumla-web\target\test-classes;C:\Users\Attila\.m2\repository\junit\junit\4.12\junit-4.12.jar;C:\Users\Attila\.m2\repository\org\hamcrest\hamcrest-core\1.3\hamcrest-core-1.3.jar;C:\Users\Attila\.m2\repository\org\apache\tomcat\tomcat-catalina\7.0.63\tomcat-catalina-7.0.63.jar;C:\Users\Attila\.m2\repository\org\apache\tomcat\tomcat-servlet-api\7.0.63\tomcat-servlet-api-7.0.63.jar;C:\Users\Attila\.m2\repository\org\apache\tomcat\tomcat-juli\7.0.63\tomcat-juli-7.0.63.jar;C:\Users\Attila\.m2\repository\org\apache\tomcat\tomcat-annotations-api\7.0.63\tomcat-annotations-api-7.0.63.jar;C:\Users\Attila\.m2\repository\org\apache\tomcat\tomcat-api\7.0.63\tomcat-api-7.0.63.jar;C:\Users\Attila\.m2\repository\org\apache\tomcat\tomcat-util\7.0.63\tomcat-util-7.0.63.jar;C:\Users\Attila\.m2\repository\org\springframework\spring-webmvc\4.0.5.RELEASE\spring-webmvc-4.0.5.RELEASE.jar;C:\Users\Attila\.m2\repository\org\springframework\spring-core\4.0.5.RELEASE\spring-core-4.0.5.RELEASE.jar;C:\Users\Attila\.m2\repository\org\springframework\spring-expression\4.0.5.RELEASE\spring-expression-4.0.5.RELEASE.jar;C:\Users\Attila\.m2\repository\org\springframework\spring-web\4.0.5.RELEASE\spring-web-4.0.5.RELEASE.jar;C:\Users\Attila\.m2\repository\org\springframework\security\spring-security-config\3.2.0.RELEASE\spring-security-config-3.2.0.RELEASE.jar;C:\Users\Attila\.m2\repository\aopalliance\aopalliance\1.0\aopalliance-1.0.jar;C:\Users\Attila\.m2\repository\org\springframework\security\spring-security-core\3.2.0.RELEASE\spring-security-core-3.2.0.RELEASE.jar;C:\Users\Attila\.m2\repository\org\springframework\security\spring-security-web\3.2.0.RELEASE\spring-security-web-3.2.0.RELEASE.jar;C:\Users\Attila\.m2\repository\org\springframework\spring-beans\4.0.5.RELEASE\spring-beans-4.0.5.RELEASE.jar;C:\Users\Attila\.m2\repository\org\springframework\spring-context\4.0.5.RELEASE\spring-context-4.0.5.RELEASE.jar;C:\Users\Attila\.m2\repository\org\springframework\spring-aop\4.0.5.RELEASE\spring-aop-4.0.5.RELEASE.jar;C:\Users\Attila\.m2\repository\org\springframework\spring-jdbc\4.0.5.RELEASE\spring-jdbc-4.0.5.RELEASE.jar;C:\Users\Attila\.m2\repository\org\springframework\spring-tx\4.0.5.RELEASE\spring-tx-4.0.5.RELEASE.jar;C:\Users\Attila\.m2\repository\org\aspectj\aspectjrt\1.8.5\aspectjrt-1.8.5.jar;C:\Users\Attila\.m2\repository\org\aspectj\aspectjweaver\1.8.5\aspectjweaver-1.8.5.jar;C:\Users\Attila\.m2\repository\org\slf4j\slf4j-api\1.7.10\slf4j-api-1.7.10.jar;C:\Users\Attila\.m2\repository\org\slf4j\slf4j-log4j12\1.7.10\slf4j-log4j12-1.7.10.jar;C:\Users\Attila\.m2\repository\log4j\log4j\1.2.17\log4j-1.2.17.jar;C:\Users\Attila\.m2\repository\commons-beanutils\commons-beanutils\1.9.2\commons-beanutils-1.9.2.jar;C:\Users\Attila\.m2\repository\commons-logging\commons-logging\1.1.1\commons-logging-1.1.1.jar;C:\Users\Attila\.m2\repository\commons-collections\commons-collections\3.2.1\commons-collections-3.2.1.jar;C:\Users\Attila\.m2\repository\com\fasterxml\jackson\core\jackson-core\2.4.1\jackson-core-2.4.1.jar;C:\Users\Attila\.m2\repository\com\fasterxml\jackson\core\jackson-databind\2.4.1\jackson-databind-2.4.1.jar;C:\Users\Attila\.m2\repository\com\fasterxml\jackson\core\jackson-annotations\2.4.1\jackson-annotations-2.4.1.jar;C:\Users\Attila\.m2\repository\org\mybatis\mybatis\3.2.8\mybatis-3.2.8.jar;C:\Users\Attila\.m2\repository\org\mybatis\mybatis-spring\1.2.2\mybatis-spring-1.2.2.jar;C:\Users\Attila\.m2\repository\javax\javaee-api\7.0\javaee-api-7.0.jar;C:\Users\Attila\.m2\repository\com\sun\mail\javax.mail\1.5.0\javax.mail-1.5.0.jar;C:\Users\Attila\.m2\repository\javax\activation\activation\1.1\activation-1.1.jar;C:\Users\Attila\.m2\repository\postgresql\postgresql\9.1-901.jdbc4\postgresql-9.1-901.jdbc4.jar;D:\munka\ide\spring-tool-suite-3.6.1.RELEASE-e4.4-win32-x86_64\sts-bundle\sts-3.6.1.RELEASE\plugins\org.apache.ant_1.9.2.v201404171502\lib\ant-launcher.jar;D:\munka\ide\spring-tool-suite-3.6.1.RELEASE-e4.4-win32-x86_64\sts-bundle\sts-3.6.1.RELEASE\plugins\org.apache.ant_1.9.2.v201404171502\lib\ant.jar;D:\munka\ide\spring-tool-suite-3.6.1.RELEASE-e4.4-win32-x86_64\sts-bundle\sts-3.6.1.RELEASE\plugins\org.apache.ant_1.9.2.v201404171502\lib\ant-junit.jar;D:\munka\ide\spring-tool-suite-3.6.1.RELEASE-e4.4-win32-x86_64\sts-bundle\sts-3.6.1.RELEASE\plugins\org.apache.ant_1.9.2.v201404171502\lib\ant-junit4.jar" />
    <property name="sun.java.command" value="org.apache.tools.ant.taskdefs.optional.junit.JUnitTestRunner com.qumla.service.test.LoginDaoTest filtertrace=true haltOnError=false haltOnFailure=false formatter=org.apache.tools.ant.taskdefs.optional.junit.OutErrSummaryJUnitResultFormatter showoutput=false outputtoformatters=true logfailedtests=true logtestlistenerevents=false formatter=org.apache.tools.ant.taskdefs.optional.junit.XMLJUnitResultFormatter,D:\munka\src\xprt\qumla-server\srv\qumla-web\junit\TEST-com.qumla.service.test.LoginDaoTest.xml crashfile=D:\munka\src\xprt\qumla-server\srv\qumla-web\junitvmwatcher9200410016274017765.properties propsfile=D:\munka\src\xprt\qumla-server\srv\qumla-web\junit8151036223162033313.properties" />
    <property name="ant.version" value="Apache Ant(TM) version 1.9.2 compiled on July 8 2013" />
    <property name="ant.file.type.qumla-web" value="file" />
    <property name="java.vm.specification.name" value="Java Virtual Machine Specification" />
    <property name="env.windir" value="C:\Windows" />
    <property name="env.LOGONSERVER" value="\\ATTILA-PC" />
    <property name="env.PROCESSOR_ARCHITECTURE" value="AMD64" />
    <property name="java.vm.specification.version" value="1.8" />
    <property name="sun.os.patch.level" value="Service Pack 1" />
    <property name="sun.cpu.endian" value="little" />
    <property name="debuglevel" value="source,lines,vars" />
    <property name="env.ProgramFiles" value="C:\Program Files" />
    <property name="env.ANT_HOME" value="D:\munka\ide\spring-tool-suite-3.6.1.RELEASE-e4.4-win32-x86_64\sts-bundle\sts-3.6.1.RELEASE\plugins\org.apache.ant_1.9.2.v201404171502" />
    <property name="java.io.tmpdir" value="C:\Users\Attila\AppData\Local\Temp\" />
    <property name="eclipse.pdebuild.home" value="/D:/munka/ide/spring-tool-suite-3.6.1.RELEASE-e4.4-win32-x86_64/sts-bundle/sts-3.6.1.RELEASE/plugins/org.eclipse.pde.build_3.9.0.v20140415-2029/./" />
    <property name="env.PROCESSOR_REVISION" value="3c03" />
    <property name="env.CommonProgramFiles(x86)" value="C:\Program Files (x86)\Common Files" />
    <property name="java.vendor.url.bug" value="http://bugreport.sun.com/bugreport/" />
    <property name="env.SystemRoot" value="C:\Windows" />
    <property name="os.arch" value="amd64" />
    <property name="java.awt.graphicsenv" value="sun.awt.Win32GraphicsEnvironment" />
    <property name="java.ext.dirs" value="C:\Program Files\Java\jdk1.8.0_20\jre\lib\ext;C:\Windows\Sun\Java\lib\ext" />
    <property name="user.dir" value="D:\munka\src\xprt\qumla-server\srv\qumla-web" />
    <property name="env.LOCALAPPDATA" value="C:\Users\Attila\AppData\Local" />
    <property name="line.separator" value="&#xd;&#xa;" />
    <property name="java.vm.name" value="Java HotSpot(TM) 64-Bit Server VM" />
    <property name="env.PATHEXT" value=".COM;.EXE;.BAT;.CMD;.VBS;.VBE;.JS;.JSE;.WSF;.WSH;.MSC;.RB;.RBW" />
    <property name="env.Path" value="C:\ProgramData\Oracle\Java\javapath;C:\Program Files (x86)\Intel\iCLS Client\;C:\Program Files\Intel\iCLS Client\;C:\Windows\system32;C:\Windows;C:\Windows\System32\Wbem;C:\Windows\System32\WindowsPowerShell\v1.0\;C:\Program Files\Intel\Intel(R) Management Engine Components\DAL;C:\Program Files\Intel\Intel(R) Management Engine Components\IPT;C:\Program Files (x86)\Intel\Intel(R) Management Engine Components\DAL;C:\Program Files (x86)\Intel\Intel(R) Management Engine Components\IPT;C:\Program Files\TortoiseSVN\bin;C:\Program Files (x86)\Git\cmd;C:\Program Files\Microsoft Network Monitor 3\;D:\munka\tool\nodejs\;D:\munka\tool\Ruby21-x64\bin;C:\Users\Attila\AppData\Roaming\npm;c:\Program Files (x86)\WinSCP\" />
    <property name="basedir" value="D:\munka\src\xprt\qumla-server\srv\qumla-web" />
    <property name="ant.java.version" value="1.8" />
    <property name="ant.core.lib" value="D:\munka\ide\spring-tool-suite-3.6.1.RELEASE-e4.4-win32-x86_64\sts-bundle\sts-3.6.1.RELEASE\plugins\org.apache.ant_1.9.2.v201404171502\lib\ant.jar" />
    <property name="env.USERNAME" value="Attila" />
    <property name="source" value="1.7" />
    <property name="env.SystemDrive" value="C:" />
    <property name="file.encoding" value="Cp1250" />
    <property name="env.USERDOMAIN" value="Attila-PC" />
    <property name="java.specification.version" value="1.8" />
    <property name="ant.project.invoked-targets" value="LoginDaoTest" />
    <property name="env.PROCESSOR_LEVEL" value="6" />
  </properties>
  <testcase classname="junit.framework.TestSuite" name="com.qumla.service.test.LoginDaoTest" time="0.0">
    <error message="Error parsing SQL Mapper Configuration. Cause: org.apache.ibatis.builder.BuilderException: Error registering typeAlias for &apos;DictionaryItem&apos;. Cause: java.lang.ClassNotFoundException: Cannot find class: com.qumla.domain.dictionary.DictionaryItem" type="org.apache.ibatis.builder.BuilderException">org.apache.ibatis.builder.BuilderException: Error parsing SQL Mapper Configuration. Cause: org.apache.ibatis.builder.BuilderException: Error registering typeAlias for &apos;DictionaryItem&apos;. Cause: java.lang.ClassNotFoundException: Cannot find class: com.qumla.domain.dictionary.DictionaryItem
	at org.apache.ibatis.builder.xml.XMLConfigBuilder.parseConfiguration(XMLConfigBuilder.java:109)
	at org.apache.ibatis.builder.xml.XMLConfigBuilder.parse(XMLConfigBuilder.java:92)
	at com.qumla.service.test.AbstractTest.beforeClass(AbstractTest.java:43)
Caused by: org.apache.ibatis.builder.BuilderException: Error registering typeAlias for &apos;DictionaryItem&apos;. Cause: java.lang.ClassNotFoundException: Cannot find class: com.qumla.domain.dictionary.DictionaryItem
	at org.apache.ibatis.builder.xml.XMLConfigBuilder.typeAliasesElement(XMLConfigBuilder.java:130)
	at org.apache.ibatis.builder.xml.XMLConfigBuilder.parseConfiguration(XMLConfigBuilder.java:99)
Caused by: java.lang.ClassNotFoundException: Cannot find class: com.qumla.domain.dictionary.DictionaryItem
	at org.apache.ibatis.io.ClassLoaderWrapper.classForName(ClassLoaderWrapper.java:190)
	at org.apache.ibatis.io.ClassLoaderWrapper.classForName(ClassLoaderWrapper.java:89)
	at org.apache.ibatis.io.Resources.classForName(Resources.java:256)
	at org.apache.ibatis.builder.xml.XMLConfigBuilder.typeAliasesElement(XMLConfigBuilder.java:123)
</error>
  </testcase>
  <system-out><![CDATA[]]></system-out>
  <system-err><![CDATA[]]></system-err>
</testsuite>
